<?xml version="1.0" encoding="UTF-8"?>
<!-- Generated by org.testng.reporters.JUnitReportReporter -->
<testsuite hostname="DESKTOP-LLJ1QH7" failures="0" tests="2" name="psh.Testing" time="13.022" errors="0" timestamp="2023-01-18T16:48:25 IST" skipped="0">
  <testcase classname="psh.Testing" name="test" time="6.418"/>
  <system-out/>
  <testcase classname="psh.Testing" name="test" time="6.604"/>
  <system-out/>
</testsuite> <!-- psh.Testing -->
